2021-07-02 07:41:00 [1;31mERROR[0;39m [36mcom.zaxxer.hikari.HikariConfig[0;39m [35m[0;39m Failed to load driver class org.postgresql.Driver from HikariConfig class classloader sbt.internal.LayeredClassLoader@667be5de
2021-07-02 07:59:59 [1;31mERROR[0;39m [36mcom.zaxxer.hikari.HikariConfig[0;39m [35m[0;39m Failed to load driver class org.postgresql.Driver from HikariConfig class classloader sbt.internal.LayeredClassLoader@26d0974e
2021-07-02 08:03:12 [34mINFO [0;39m [36mcom.zaxxer.hikari.HikariDataSource[0;39m [35m[0;39m  - Starting...
2021-07-02 08:03:12 [34mINFO [0;39m [36mcom.zaxxer.hikari.HikariDataSource[0;39m [35m[0;39m  - Start completed.
2021-07-02 08:03:43 [34mINFO [0;39m [36mcom.zaxxer.hikari.HikariDataSource[0;39m [35m[0;39m  - Shutdown initiated...
2021-07-02 08:03:50 [34mINFO [0;39m [36mcom.zaxxer.hikari.HikariDataSource[0;39m [35m[0;39m  - Shutdown completed.
2021-07-02 08:13:10 [34mINFO [0;39m [36mcom.zaxxer.hikari.HikariDataSource[0;39m [35m[0;39m  - Starting...
2021-07-02 08:13:10 [34mINFO [0;39m [36mcom.zaxxer.hikari.HikariDataSource[0;39m [35m[0;39m  - Start completed.
2021-07-02 08:13:15 [34mINFO [0;39m [36mcom.zaxxer.hikari.HikariDataSource[0;39m [35m[0;39m  - Shutdown initiated...
2021-07-02 08:13:18 [34mINFO [0;39m [36mcom.zaxxer.hikari.HikariDataSource[0;39m [35m[0;39m  - Shutdown completed.
2021-07-02 08:16:58 [34mINFO [0;39m [36mcom.zaxxer.hikari.HikariDataSource[0;39m [35m[0;39m  - Starting...
2021-07-02 08:16:58 [34mINFO [0;39m [36mcom.zaxxer.hikari.HikariDataSource[0;39m [35m[0;39m  - Start completed.
2021-07-02 08:17:04 [34mINFO [0;39m [36mcom.zaxxer.hikari.HikariDataSource[0;39m [35m[0;39m  - Shutdown initiated...
2021-07-02 08:17:07 [34mINFO [0;39m [36mcom.zaxxer.hikari.HikariDataSource[0;39m [35m[0;39m  - Shutdown completed.
2021-07-02 08:37:47 [34mINFO [0;39m [36mcom.zaxxer.hikari.HikariDataSource[0;39m [35m[0;39m  - Starting...
2021-07-02 08:37:47 [34mINFO [0;39m [36mcom.zaxxer.hikari.HikariDataSource[0;39m [35m[0;39m  - Start completed.
2021-07-02 08:37:53 [34mINFO [0;39m [36mcom.zaxxer.hikari.HikariDataSource[0;39m [35m[0;39m  - Shutdown initiated...
2021-07-02 08:37:56 [34mINFO [0;39m [36mcom.zaxxer.hikari.HikariDataSource[0;39m [35m[0;39m  - Shutdown completed.
2021-07-02 08:40:18 [34mINFO [0;39m [36mcom.zaxxer.hikari.HikariDataSource[0;39m [35m[0;39m  - Starting...
2021-07-02 08:40:18 [34mINFO [0;39m [36mcom.zaxxer.hikari.HikariDataSource[0;39m [35m[0;39m  - Start completed.
2021-07-02 08:40:21 [34mINFO [0;39m [36mcom.zaxxer.hikari.HikariDataSource[0;39m [35m[0;39m  - Shutdown initiated...
2021-07-02 08:40:22 [34mINFO [0;39m [36mcom.zaxxer.hikari.HikariDataSource[0;39m [35m[0;39m  - Shutdown completed.
2021-07-02 08:43:47 [34mINFO [0;39m [36mcom.zaxxer.hikari.HikariDataSource[0;39m [35m[0;39m  - Starting...
2021-07-02 08:43:47 [34mINFO [0;39m [36mcom.zaxxer.hikari.HikariDataSource[0;39m [35m[0;39m  - Start completed.
2021-07-02 08:43:50 [34mINFO [0;39m [36mcom.zaxxer.hikari.HikariDataSource[0;39m [35m[0;39m  - Shutdown initiated...
2021-07-02 08:43:50 [34mINFO [0;39m [36mcom.zaxxer.hikari.HikariDataSource[0;39m [35m[0;39m  - Shutdown completed.
2021-07-02 08:44:45 [34mINFO [0;39m [36mcom.zaxxer.hikari.HikariDataSource[0;39m [35m[0;39m  - Starting...
2021-07-02 08:44:45 [34mINFO [0;39m [36mcom.zaxxer.hikari.HikariDataSource[0;39m [35m[0;39m  - Start completed.
2021-07-02 08:44:48 [34mINFO [0;39m [36mcom.zaxxer.hikari.HikariDataSource[0;39m [35m[0;39m  - Shutdown initiated...
2021-07-02 08:44:48 [34mINFO [0;39m [36mcom.zaxxer.hikari.HikariDataSource[0;39m [35m[0;39m  - Shutdown completed.
2021-07-02 08:45:18 [34mINFO [0;39m [36mcom.zaxxer.hikari.HikariDataSource[0;39m [35m[0;39m  - Starting...
2021-07-02 08:45:18 [34mINFO [0;39m [36mcom.zaxxer.hikari.HikariDataSource[0;39m [35m[0;39m  - Start completed.
2021-07-02 08:45:21 [34mINFO [0;39m [36mcom.zaxxer.hikari.HikariDataSource[0;39m [35m[0;39m  - Shutdown initiated...
2021-07-02 08:45:22 [34mINFO [0;39m [36mcom.zaxxer.hikari.HikariDataSource[0;39m [35m[0;39m  - Shutdown completed.
2021-07-02 08:47:38 [34mINFO [0;39m [36mcom.zaxxer.hikari.HikariDataSource[0;39m [35m[0;39m  - Starting...
2021-07-02 08:47:38 [34mINFO [0;39m [36mcom.zaxxer.hikari.HikariDataSource[0;39m [35m[0;39m  - Start completed.
2021-07-02 08:47:41 [34mINFO [0;39m [36mcom.zaxxer.hikari.HikariDataSource[0;39m [35m[0;39m  - Shutdown initiated...
2021-07-02 08:47:42 [34mINFO [0;39m [36mcom.zaxxer.hikari.HikariDataSource[0;39m [35m[0;39m  - Shutdown completed.
2021-07-02 08:48:43 [34mINFO [0;39m [36mcom.zaxxer.hikari.HikariDataSource[0;39m [35m[0;39m  - Starting...
2021-07-02 08:48:43 [34mINFO [0;39m [36mcom.zaxxer.hikari.HikariDataSource[0;39m [35m[0;39m  - Start completed.
2021-07-02 08:48:46 [34mINFO [0;39m [36mcom.zaxxer.hikari.HikariDataSource[0;39m [35m[0;39m  - Shutdown initiated...
2021-07-02 08:48:46 [34mINFO [0;39m [36mcom.zaxxer.hikari.HikariDataSource[0;39m [35m[0;39m  - Shutdown completed.
2021-07-02 08:50:59 [34mINFO [0;39m [36mcom.zaxxer.hikari.HikariDataSource[0;39m [35m[0;39m  - Starting...
2021-07-02 08:50:59 [34mINFO [0;39m [36mcom.zaxxer.hikari.HikariDataSource[0;39m [35m[0;39m  - Start completed.
2021-07-02 08:51:01 [34mINFO [0;39m [36mcom.zaxxer.hikari.HikariDataSource[0;39m [35m[0;39m  - Shutdown initiated...
2021-07-02 08:51:02 [34mINFO [0;39m [36mcom.zaxxer.hikari.HikariDataSource[0;39m [35m[0;39m  - Shutdown completed.
2021-07-02 08:51:44 [34mINFO [0;39m [36mcom.zaxxer.hikari.HikariDataSource[0;39m [35m[0;39m  - Starting...
2021-07-02 08:51:44 [34mINFO [0;39m [36mcom.zaxxer.hikari.HikariDataSource[0;39m [35m[0;39m  - Start completed.
2021-07-02 08:51:46 [34mINFO [0;39m [36mcom.zaxxer.hikari.HikariDataSource[0;39m [35m[0;39m  - Shutdown initiated...
2021-07-02 08:51:47 [34mINFO [0;39m [36mcom.zaxxer.hikari.HikariDataSource[0;39m [35m[0;39m  - Shutdown completed.
2021-07-02 08:52:10 [34mINFO [0;39m [36mcom.zaxxer.hikari.HikariDataSource[0;39m [35m[0;39m  - Starting...
2021-07-02 08:52:10 [34mINFO [0;39m [36mcom.zaxxer.hikari.HikariDataSource[0;39m [35m[0;39m  - Start completed.
2021-07-02 08:52:12 [34mINFO [0;39m [36mcom.zaxxer.hikari.HikariDataSource[0;39m [35m[0;39m  - Shutdown initiated...
2021-07-02 08:52:13 [34mINFO [0;39m [36mcom.zaxxer.hikari.HikariDataSource[0;39m [35m[0;39m  - Shutdown completed.
2021-07-02 08:52:48 [34mINFO [0;39m [36mcom.zaxxer.hikari.HikariDataSource[0;39m [35m[0;39m  - Starting...
2021-07-02 08:52:48 [34mINFO [0;39m [36mcom.zaxxer.hikari.HikariDataSource[0;39m [35m[0;39m  - Start completed.
2021-07-02 08:52:51 [34mINFO [0;39m [36mcom.zaxxer.hikari.HikariDataSource[0;39m [35m[0;39m  - Shutdown initiated...
2021-07-02 08:52:52 [34mINFO [0;39m [36mcom.zaxxer.hikari.HikariDataSource[0;39m [35m[0;39m  - Shutdown completed.
2021-07-02 08:53:24 [34mINFO [0;39m [36mcom.zaxxer.hikari.HikariDataSource[0;39m [35m[0;39m  - Starting...
2021-07-02 08:53:24 [34mINFO [0;39m [36mcom.zaxxer.hikari.HikariDataSource[0;39m [35m[0;39m  - Start completed.
2021-07-02 08:53:27 [34mINFO [0;39m [36mcom.zaxxer.hikari.HikariDataSource[0;39m [35m[0;39m  - Shutdown initiated...
2021-07-02 08:53:28 [34mINFO [0;39m [36mcom.zaxxer.hikari.HikariDataSource[0;39m [35m[0;39m  - Shutdown completed.
2021-07-02 09:16:07 [34mINFO [0;39m [36mcom.zaxxer.hikari.HikariDataSource[0;39m [35m[0;39m  - Starting...
2021-07-02 09:16:07 [34mINFO [0;39m [36mcom.zaxxer.hikari.HikariDataSource[0;39m [35m[0;39m  - Start completed.
2021-07-02 09:16:23 [34mINFO [0;39m [36mcom.zaxxer.hikari.HikariDataSource[0;39m [35m[0;39m  - Shutdown initiated...
2021-07-02 09:16:24 [34mINFO [0;39m [36mcom.zaxxer.hikari.HikariDataSource[0;39m [35m[0;39m  - Shutdown completed.
2021-07-02 09:17:26 [34mINFO [0;39m [36mcom.zaxxer.hikari.HikariDataSource[0;39m [35m[0;39m  - Starting...
2021-07-02 09:17:26 [34mINFO [0;39m [36mcom.zaxxer.hikari.HikariDataSource[0;39m [35m[0;39m  - Start completed.
2021-07-02 09:17:45 [34mINFO [0;39m [36mcom.zaxxer.hikari.HikariDataSource[0;39m [35m[0;39m  - Shutdown initiated...
2021-07-02 09:17:45 [34mINFO [0;39m [36mcom.zaxxer.hikari.HikariDataSource[0;39m [35m[0;39m  - Shutdown completed.
2021-07-02 09:24:03 [34mINFO [0;39m [36mcom.zaxxer.hikari.HikariDataSource[0;39m [35m[0;39m  - Starting...
2021-07-02 09:24:03 [34mINFO [0;39m [36mcom.zaxxer.hikari.HikariDataSource[0;39m [35m[0;39m  - Start completed.
2021-07-02 09:24:10 [34mINFO [0;39m [36mcom.zaxxer.hikari.HikariDataSource[0;39m [35m[0;39m  - Shutdown initiated...
2021-07-02 09:24:11 [34mINFO [0;39m [36mcom.zaxxer.hikari.HikariDataSource[0;39m [35m[0;39m  - Shutdown completed.
2021-07-02 09:26:20 [34mINFO [0;39m [36mcom.zaxxer.hikari.HikariDataSource[0;39m [35m[0;39m  - Starting...
2021-07-02 09:26:20 [34mINFO [0;39m [36mcom.zaxxer.hikari.HikariDataSource[0;39m [35m[0;39m  - Start completed.
2021-07-02 09:26:37 [34mINFO [0;39m [36mcom.zaxxer.hikari.HikariDataSource[0;39m [35m[0;39m  - Shutdown initiated...
2021-07-02 09:26:38 [34mINFO [0;39m [36mcom.zaxxer.hikari.HikariDataSource[0;39m [35m[0;39m  - Shutdown completed.
2021-07-02 09:50:17 [34mINFO [0;39m [36mcom.zaxxer.hikari.HikariDataSource[0;39m [35m[0;39m  - Starting...
2021-07-02 09:50:17 [34mINFO [0;39m [36mcom.zaxxer.hikari.HikariDataSource[0;39m [35m[0;39m  - Start completed.
2021-07-02 09:50:18 [34mINFO [0;39m [36mcom.zaxxer.hikari.HikariDataSource[0;39m [35m[0;39m  - Shutdown initiated...
2021-07-02 09:50:18 [34mINFO [0;39m [36mcom.zaxxer.hikari.HikariDataSource[0;39m [35m[0;39m  - Shutdown completed.
2021-07-02 10:27:10 [34mINFO [0;39m [36mcom.zaxxer.hikari.HikariDataSource[0;39m [35m[0;39m  - Starting...
2021-07-02 10:27:10 [34mINFO [0;39m [36mcom.zaxxer.hikari.HikariDataSource[0;39m [35m[0;39m  - Start completed.
2021-07-02 10:27:33 [34mINFO [0;39m [36mcom.zaxxer.hikari.HikariDataSource[0;39m [35m[0;39m  - Shutdown initiated...
2021-07-02 10:27:35 [34mINFO [0;39m [36mcom.zaxxer.hikari.HikariDataSource[0;39m [35m[0;39m  - Shutdown completed.
2021-07-02 10:29:27 [34mINFO [0;39m [36mcom.zaxxer.hikari.HikariDataSource[0;39m [35m[0;39m  - Starting...
2021-07-02 10:29:27 [34mINFO [0;39m [36mcom.zaxxer.hikari.HikariDataSource[0;39m [35m[0;39m  - Start completed.
2021-07-02 10:29:28 [34mINFO [0;39m [36mcom.zaxxer.hikari.HikariDataSource[0;39m [35m[0;39m  - Shutdown initiated...
2021-07-02 10:29:28 [34mINFO [0;39m [36mcom.zaxxer.hikari.HikariDataSource[0;39m [35m[0;39m  - Shutdown completed.
2021-07-02 10:44:41 [34mINFO [0;39m [36mcom.zaxxer.hikari.HikariDataSource[0;39m [35m[0;39m  - Starting...
2021-07-02 10:44:41 [34mINFO [0;39m [36mcom.zaxxer.hikari.HikariDataSource[0;39m [35m[0;39m  - Start completed.
2021-07-02 10:44:42 [34mINFO [0;39m [36mcom.zaxxer.hikari.HikariDataSource[0;39m [35m[0;39m  - Shutdown initiated...
2021-07-02 10:44:42 [34mINFO [0;39m [36mcom.zaxxer.hikari.HikariDataSource[0;39m [35m[0;39m  - Shutdown completed.
2021-07-02 10:51:55 [34mINFO [0;39m [36mcom.zaxxer.hikari.HikariDataSource[0;39m [35m[0;39m  - Starting...
2021-07-02 10:51:55 [34mINFO [0;39m [36mcom.zaxxer.hikari.HikariDataSource[0;39m [35m[0;39m  - Start completed.
2021-07-02 10:51:56 [34mINFO [0;39m [36mcom.zaxxer.hikari.HikariDataSource[0;39m [35m[0;39m  - Shutdown initiated...
2021-07-02 10:51:56 [34mINFO [0;39m [36mcom.zaxxer.hikari.HikariDataSource[0;39m [35m[0;39m  - Shutdown completed.
2021-07-02 10:52:49 [34mINFO [0;39m [36mcom.zaxxer.hikari.HikariDataSource[0;39m [35m[0;39m  - Starting...
2021-07-02 10:52:49 [34mINFO [0;39m [36mcom.zaxxer.hikari.HikariDataSource[0;39m [35m[0;39m  - Start completed.
2021-07-02 10:52:50 [34mINFO [0;39m [36mcom.zaxxer.hikari.HikariDataSource[0;39m [35m[0;39m  - Shutdown initiated...
2021-07-02 10:52:50 [34mINFO [0;39m [36mcom.zaxxer.hikari.HikariDataSource[0;39m [35m[0;39m  - Shutdown completed.
2021-07-02 11:24:28 [34mINFO [0;39m [36mcom.zaxxer.hikari.HikariDataSource[0;39m [35m[0;39m  - Starting...
2021-07-02 11:24:28 [34mINFO [0;39m [36mcom.zaxxer.hikari.HikariDataSource[0;39m [35m[0;39m  - Start completed.
2021-07-02 11:24:29 [34mINFO [0;39m [36mcom.zaxxer.hikari.HikariDataSource[0;39m [35m[0;39m  - Shutdown initiated...
2021-07-02 11:24:29 [34mINFO [0;39m [36mcom.zaxxer.hikari.HikariDataSource[0;39m [35m[0;39m  - Shutdown completed.
2021-07-02 11:25:26 [34mINFO [0;39m [36mcom.zaxxer.hikari.HikariDataSource[0;39m [35m[0;39m  - Starting...
2021-07-02 11:25:26 [34mINFO [0;39m [36mcom.zaxxer.hikari.HikariDataSource[0;39m [35m[0;39m  - Start completed.
2021-07-02 11:25:27 [34mINFO [0;39m [36mcom.zaxxer.hikari.HikariDataSource[0;39m [35m[0;39m  - Shutdown initiated...
2021-07-02 11:25:27 [34mINFO [0;39m [36mcom.zaxxer.hikari.HikariDataSource[0;39m [35m[0;39m  - Shutdown completed.
2021-07-02 11:27:58 [34mINFO [0;39m [36mcom.zaxxer.hikari.HikariDataSource[0;39m [35m[0;39m  - Starting...
2021-07-02 11:27:58 [34mINFO [0;39m [36mcom.zaxxer.hikari.HikariDataSource[0;39m [35m[0;39m  - Start completed.
2021-07-02 11:27:59 [34mINFO [0;39m [36mcom.zaxxer.hikari.HikariDataSource[0;39m [35m[0;39m  - Shutdown initiated...
2021-07-02 11:27:59 [34mINFO [0;39m [36mcom.zaxxer.hikari.HikariDataSource[0;39m [35m[0;39m  - Shutdown completed.
2021-07-02 11:28:30 [34mINFO [0;39m [36mcom.zaxxer.hikari.HikariDataSource[0;39m [35m[0;39m  - Starting...
2021-07-02 11:28:30 [34mINFO [0;39m [36mcom.zaxxer.hikari.HikariDataSource[0;39m [35m[0;39m  - Start completed.
2021-07-02 11:28:31 [34mINFO [0;39m [36mcom.zaxxer.hikari.HikariDataSource[0;39m [35m[0;39m  - Shutdown initiated...
2021-07-02 11:28:31 [34mINFO [0;39m [36mcom.zaxxer.hikari.HikariDataSource[0;39m [35m[0;39m  - Shutdown completed.
2021-07-02 11:31:06 [34mINFO [0;39m [36mcom.zaxxer.hikari.HikariDataSource[0;39m [35m[0;39m  - Starting...
2021-07-02 11:31:06 [34mINFO [0;39m [36mcom.zaxxer.hikari.HikariDataSource[0;39m [35m[0;39m  - Start completed.
2021-07-02 11:31:22 [34mINFO [0;39m [36mcom.zaxxer.hikari.HikariDataSource[0;39m [35m[0;39m  - Shutdown initiated...
2021-07-02 11:31:22 [34mINFO [0;39m [36mcom.zaxxer.hikari.HikariDataSource[0;39m [35m[0;39m  - Shutdown completed.
